# JRE version: Java(TM) SE Runtime Environment (8.0_201-b09) (build 1.8.0_201-b09)
# Java VM: Java HotSpot(TM) 64-Bit Server VM (25.201-b09 mixed mode windows-amd64 compressed oops)
Heap:
 PSYoungGen      total 141824K, used 84200K [0x000000076af80000, 0x0000000774480000, 0x00000007c0000000)
  eden space 131072K, 56% used [0x000000076af80000,0x000000076f73e388,0x0000000772f80000)
  from space 10752K, 99% used [0x0000000773a00000,0x000000077447c020,0x0000000774480000)
  to   space 10752K, 0% used [0x0000000772f80000,0x0000000772f80000,0x0000000773a00000)
 ParOldGen       total 175104K, used 11331K [0x00000006c0e00000, 0x00000006cb900000, 0x000000076af80000)
  object space 175104K, 6% used [0x00000006c0e00000,0x00000006c1910fe0,0x00000006cb900000)
 Metaspace       used 20817K, capacity 21114K, committed 21248K, reserved 1067008K
  class space    used 2673K, capacity 2735K, committed 2816K, reserved 1048576K
GC Heap History (4 events):
Event: 0.465 GC heap before
{Heap before GC invocations=1 (full 0):
 PSYoungGen      total 76288K, used 65536K [0x000000076af80000, 0x0000000770480000, 0x00000007c0000000)
  eden space 65536K, 100% used [0x000000076af80000,0x000000076ef80000,0x000000076ef80000)
  from space 10752K, 0% used [0x000000076fa00000,0x000000076fa00000,0x0000000770480000)
  to   space 10752K, 0% used [0x000000076ef80000,0x000000076ef80000,0x000000076fa00000)
 ParOldGen       total 175104K, used 0K [0x00000006c0e00000, 0x00000006cb900000, 0x000000076af80000)
  object space 175104K, 0% used [0x00000006c0e00000,0x00000006c0e00000,0x00000006cb900000)
 Metaspace       used 8948K, capacity 9054K, committed 9088K, reserved 1056768K
  class space    used 1107K, capacity 1141K, committed 1152K, reserved 1048576K
Event: 0.471 GC heap after
Heap after GC invocations=1 (full 0):
 PSYoungGen      total 76288K, used 10722K [0x000000076af80000, 0x0000000774480000, 0x00000007c0000000)
  eden space 65536K, 0% used [0x000000076af80000,0x000000076af80000,0x000000076ef80000)
  from space 10752K, 99% used [0x000000076ef80000,0x000000076f9f8b10,0x000000076fa00000)
  to   space 10752K, 0% used [0x0000000773a00000,0x0000000773a00000,0x0000000774480000)
 ParOldGen       total 175104K, used 2050K [0x00000006c0e00000, 0x00000006cb900000, 0x000000076af80000)
  object space 175104K, 1% used [0x00000006c0e00000,0x00000006c10008f8,0x00000006cb900000)
 Metaspace       used 8948K, capacity 9054K, committed 9088K, reserved 1056768K
  class space    used 1107K, capacity 1141K, committed 1152K, reserved 1048576K
}
Event: 0.891 GC heap before
{Heap before GC invocations=2 (full 0):
 PSYoungGen      total 76288K, used 76258K [0x000000076af80000, 0x0000000774480000, 0x00000007c0000000)
  eden space 65536K, 100% used [0x000000076af80000,0x000000076ef80000,0x000000076ef80000)
  from space 10752K, 99% used [0x000000076ef80000,0x000000076f9f8b10,0x000000076fa00000)
  to   space 10752K, 0% used [0x0000000773a00000,0x0000000773a00000,0x0000000774480000)
 ParOldGen       total 175104K, used 2050K [0x00000006c0e00000, 0x00000006cb900000, 0x000000076af80000)
  object space 175104K, 1% used [0x00000006c0e00000,0x00000006c10008f8,0x00000006cb900000)
 Metaspace       used 15925K, capacity 16032K, committed 16256K, reserved 1062912K
  class space    used 2132K, capacity 2176K, committed 2176K, reserved 1048576K
Event: 0.900 GC heap after
Heap after GC invocations=2 (full 0):
 PSYoungGen      total 141824K, used 10736K [0x000000076af80000, 0x0000000774480000, 0x00000007c0000000)
  eden space 131072K, 0% used [0x000000076af80000,0x000000076af80000,0x0000000772f80000)
  from space 10752K, 99% used [0x0000000773a00000,0x000000077447c020,0x0000000774480000)
  to   space 10752K, 0% used [0x0000000772f80000,0x0000000772f80000,0x0000000773a00000)
 ParOldGen       total 175104K, used 11331K [0x00000006c0e00000, 0x00000006cb900000, 0x000000076af80000)
  object space 175104K, 6% used [0x00000006c0e00000,0x00000006c1910fe0,0x00000006cb900000)
 Metaspace       used 15925K, capacity 16032K, committed 16256K, reserved 1062912K
  class space    used 2132K, capacity 2176K, committed 2176K, reserved 1048576K
}

